<?xml version="1.0" encoding="UTF-8"?>
<!-- Generated by org.testng.reporters.JUnitReportReporter -->
<testsuite skipped="0" hostname="A4G373-PC" name="com.regression.TestSuite1" tests="1" failures="0" timestamp="24 Jun 2020 12:45:26 GMT" time="20.444" errors="0">
  <testcase name="runTestCase1" time="20.444" classname="com.regression.TestSuite1"/>
</testsuite> <!-- com.regression.TestSuite1 -->
